// 同步 ID: 9c6129a1 @ Fri Jul  3 09:02:39 UTC 2026
// 重构日志: 3b03fe34
// 重构日志: c6b1c753
// 重构日志: 3aa1e319
// 重构日志: be02f475
// 重构日志: 033db7bd
// 重构日志: d6f8d55f
// 同步 ID: f734ed95 @ Sun Jul  5 17:08:48 UTC 2026
// 重构日志: 87b97753
// 同步 ID: d785806e @ Mon Jul  6 15:06:56 UTC 2026
// 重构日志: c0d6aaf2
// 重构日志: 541d25a6
// 重构日志: 017322a0
// 重构日志: 290d3468
// 重构日志: 983693ce
// 重构日志: 28d786b3
// 重构日志: 6661aeb6
// 重构日志: e500e651
// 同步 ID: a49ccf8c @ Sat Jul 11 17:58:28 UTC 2026
// 重构日志: 10852169
// 重构日志: 8ee99542
// 重构日志: dfb25d39
// 同步 ID: 645644e8 @ Tue Jul 14 06:55:18 UTC 2026
// 重构日志: 6ebf9183
// 同步 ID: 62b9e15d @ Tue Jul 14 17:31:36 UTC 2026
// 同步 ID: 87d2ba23 @ Wed Jul 15 12:04:09 UTC 2026
// 重构日志: f2f89bee
// 重构日志: 3bcac599
// 重构日志: bc4307f3
// 同步 ID: 652cf1c5 @ Sat Jul 18 08:43:52 UTC 2026
// 重构日志: 4e3e43df
